# JRE version: Java(TM) SE Runtime Environment (8.0_261-b12) (build 1.8.0_261-b12)
# Java VM: Java HotSpot(TM) 64-Bit Server VM (25.261-b12 mixed mode windows-amd64 compressed oops)
Heap:
 PSYoungGen      total 246784K, used 105949K [0x000000076b500000, 0x000000077c600000, 0x00000007c0000000)
  eden space 228864K, 46% used [0x000000076b500000,0x0000000771c77530,0x0000000779480000)
  from space 17920K, 0% used [0x000000077a780000,0x000000077a780000,0x000000077b900000)
  to   space 19456K, 0% used [0x0000000779480000,0x0000000779480000,0x000000077a780000)
 ParOldGen       total 232960K, used 29026K [0x00000006c1e00000, 0x00000006d0180000, 0x000000076b500000)
  object space 232960K, 12% used [0x00000006c1e00000,0x00000006c3a58ad0,0x00000006d0180000)
 Metaspace       used 57666K, capacity 61290K, committed 61592K, reserved 1101824K
  class space    used 7936K, capacity 8526K, committed 8616K, reserved 1048576K
GC Heap History (10 events):
Event: 14.772 GC heap before
{Heap before GC invocations=9 (full 1):
 PSYoungGen      total 119808K, used 52940K [0x000000076b500000, 0x0000000777580000, 0x00000007c0000000)
  eden space 109056K, 39% used [0x000000076b500000,0x000000076df78018,0x0000000771f80000)
  from space 10752K, 87% used [0x0000000771f80000,0x00000007728bb300,0x0000000772a00000)
  to   space 11264K, 0% used [0x0000000776a80000,0x0000000776a80000,0x0000000777580000)
 ParOldGen       total 110080K, used 7417K [0x00000006c1e00000, 0x00000006c8980000, 0x000000076b500000)
  object space 110080K, 6% used [0x00000006c1e00000,0x00000006c253e6d8,0x00000006c8980000)
 Metaspace       used 33094K, capacity 35338K, committed 35496K, reserved 1079296K
  class space    used 4257K, capacity 4659K, committed 4776K, reserved 1048576K
Event: 14.815 GC heap after
Heap after GC invocations=9 (full 1):
 PSYoungGen      total 185344K, used 10288K [0x000000076b500000, 0x0000000777b00000, 0x00000007c0000000)
  eden space 174080K, 0% used [0x000000076b500000,0x000000076b500000,0x0000000775f00000)
  from space 11264K, 91% used [0x0000000776a80000,0x000000077748c2f0,0x0000000777580000)
  to   space 11776K, 0% used [0x0000000775f00000,0x0000000775f00000,0x0000000776a80000)
 ParOldGen       total 110080K, used 7425K [0x00000006c1e00000, 0x00000006c8980000, 0x000000076b500000)
  object space 110080K, 6% used [0x00000006c1e00000,0x00000006c25406d8,0x00000006c8980000)
 Metaspace       used 33094K, capacity 35338K, committed 35496K, reserved 1079296K
  class space    used 4257K, capacity 4659K, committed 4776K, reserved 1048576K
}
Event: 14.815 GC heap before
{Heap before GC invocations=10 (full 2):
 PSYoungGen      total 185344K, used 10288K [0x000000076b500000, 0x0000000777b00000, 0x00000007c0000000)
  eden space 174080K, 0% used [0x000000076b500000,0x000000076b500000,0x0000000775f00000)
  from space 11264K, 91% used [0x0000000776a80000,0x000000077748c2f0,0x0000000777580000)
  to   space 11776K, 0% used [0x0000000775f00000,0x0000000775f00000,0x0000000776a80000)
 ParOldGen       total 110080K, used 7425K [0x00000006c1e00000, 0x00000006c8980000, 0x000000076b500000)
  object space 110080K, 6% used [0x00000006c1e00000,0x00000006c25406d8,0x00000006c8980000)
 Metaspace       used 33094K, capacity 35338K, committed 35496K, reserved 1079296K
  class space    used 4257K, capacity 4659K, committed 4776K, reserved 1048576K
Event: 15.012 GC heap after
Heap after GC invocations=10 (full 2):
 PSYoungGen      total 185344K, used 0K [0x000000076b500000, 0x0000000777b00000, 0x00000007c0000000)
  eden space 174080K, 0% used [0x000000076b500000,0x000000076b500000,0x0000000775f00000)
  from space 11264K, 0% used [0x0000000776a80000,0x0000000776a80000,0x0000000777580000)
  to   space 11776K, 0% used [0x0000000775f00000,0x0000000775f00000,0x0000000776a80000)
 ParOldGen       total 160256K, used 15263K [0x00000006c1e00000, 0x00000006cba80000, 0x000000076b500000)
  object space 160256K, 9% used [0x00000006c1e00000,0x00000006c2ce7f40,0x00000006cba80000)
 Metaspace       used 33094K, capacity 35338K, committed 35496K, reserved 1079296K
  class space    used 4257K, capacity 4659K, committed 4776K, reserved 1048576K
}
Event: 23.128 GC heap before
{Heap before GC invocations=11 (full 2):
 PSYoungGen      total 185344K, used 174080K [0x000000076b500000, 0x0000000777b00000, 0x00000007c0000000)
  eden space 174080K, 100% used [0x000000076b500000,0x0000000775f00000,0x0000000775f00000)
  from space 11264K, 0% used [0x0000000776a80000,0x0000000776a80000,0x0000000777580000)
  to   space 11776K, 0% used [0x0000000775f00000,0x0000000775f00000,0x0000000776a80000)
 ParOldGen       total 160256K, used 15263K [0x00000006c1e00000, 0x00000006cba80000, 0x000000076b500000)
  object space 160256K, 9% used [0x00000006c1e00000,0x00000006c2ce7f40,0x00000006cba80000)
 Metaspace       used 52454K, capacity 55108K, committed 55464K, reserved 1097728K
  class space    used 7137K, capacity 7588K, committed 7592K, reserved 1048576K
Event: 23.180 GC heap after
Heap after GC invocations=11 (full 2):
 PSYoungGen      total 185856K, used 11752K [0x000000076b500000, 0x000000077b900000, 0x00000007c0000000)
  eden space 174080K, 0% used [0x000000076b500000,0x000000076b500000,0x0000000775f00000)
  from space 11776K, 99% used [0x0000000775f00000,0x0000000776a7a340,0x0000000776a80000)
  to   space 17920K, 0% used [0x000000077a780000,0x000000077a780000,0x000000077b900000)
 ParOldGen       total 160256K, used 27743K [0x00000006c1e00000, 0x00000006cba80000, 0x000000076b500000)
  object space 160256K, 17% used [0x00000006c1e00000,0x00000006c3917db0,0x00000006cba80000)
 Metaspace       used 52454K, capacity 55108K, committed 55464K, reserved 1097728K
  class space    used 7137K, capacity 7588K, committed 7592K, reserved 1048576K
}
Event: 25.527 GC heap before
{Heap before GC invocations=12 (full 2):
 PSYoungGen      total 185856K, used 78330K [0x000000076b500000, 0x000000077b900000, 0x00000007c0000000)
  eden space 174080K, 38% used [0x000000076b500000,0x000000076f6044c8,0x0000000775f00000)
  from space 11776K, 99% used [0x0000000775f00000,0x0000000776a7a340,0x0000000776a80000)
  to   space 17920K, 0% used [0x000000077a780000,0x000000077a780000,0x000000077b900000)
 ParOldGen       total 160256K, used 27743K [0x00000006c1e00000, 0x00000006cba80000, 0x000000076b500000)
  object space 160256K, 17% used [0x00000006c1e00000,0x00000006c3917db0,0x00000006cba80000)
 Metaspace       used 55786K, capacity 59070K, committed 59160K, reserved 1099776K
  class space    used 7631K, capacity 8143K, committed 8232K, reserved 1048576K
Event: 25.668 GC heap after
Heap after GC invocations=12 (full 2):
 PSYoungGen      total 246784K, used 15990K [0x000000076b500000, 0x000000077c600000, 0x00000007c0000000)
  eden space 228864K, 0% used [0x000000076b500000,0x000000076b500000,0x0000000779480000)
  from space 17920K, 89% used [0x000000077a780000,0x000000077b71da68,0x000000077b900000)
  to   space 19456K, 0% used [0x0000000779480000,0x0000000779480000,0x000000077a780000)
 ParOldGen       total 160256K, used 27751K [0x00000006c1e00000, 0x00000006cba80000, 0x000000076b500000)
  object space 160256K, 17% used [0x00000006c1e00000,0x00000006c3919db0,0x00000006cba80000)
 Metaspace       used 55786K, capacity 59070K, committed 59160K, reserved 1099776K
  class space    used 7631K, capacity 8143K, committed 8232K, reserved 1048576K
}
Event: 25.668 GC heap before
{Heap before GC invocations=13 (full 3):
 PSYoungGen      total 246784K, used 15990K [0x000000076b500000, 0x000000077c600000, 0x00000007c0000000)
  eden space 228864K, 0% used [0x000000076b500000,0x000000076b500000,0x0000000779480000)
  from space 17920K, 89% used [0x000000077a780000,0x000000077b71da68,0x000000077b900000)
  to   space 19456K, 0% used [0x0000000779480000,0x0000000779480000,0x000000077a780000)
 ParOldGen       total 160256K, used 27751K [0x00000006c1e00000, 0x00000006cba80000, 0x000000076b500000)
  object space 160256K, 17% used [0x00000006c1e00000,0x00000006c3919db0,0x00000006cba80000)
 Metaspace       used 55786K, capacity 59070K, committed 59160K, reserved 1099776K
  class space    used 7631K, capacity 8143K, committed 8232K, reserved 1048576K
Event: 26.880 GC heap after
Heap after GC invocations=13 (full 3):
 PSYoungGen      total 246784K, used 0K [0x000000076b500000, 0x000000077c600000, 0x00000007c0000000)
  eden space 228864K, 0% used [0x000000076b500000,0x000000076b500000,0x0000000779480000)
  from space 17920K, 0% used [0x000000077a780000,0x000000077a780000,0x000000077b900000)
  to   space 19456K, 0% used [0x0000000779480000,0x0000000779480000,0x000000077a780000)
 ParOldGen       total 232960K, used 29026K [0x00000006c1e00000, 0x00000006d0180000, 0x000000076b500000)
  object space 232960K, 12% used [0x00000006c1e00000,0x00000006c3a58ad0,0x00000006d0180000)
 Metaspace       used 55775K, capacity 59052K, committed 59160K, reserved 1099776K
  class space    used 7629K, capacity 8140K, committed 8232K, reserved 1048576K
}

